<?xml version="1.0" encoding="UTF-8"?>
<testng-results ignored="1" total="4" passed="2" failed="1" skipped="0">
  <reporter-output>
  </reporter-output>
  <suite started-at="2021-10-30T15:44:59 IST" name="Suite" finished-at="2021-10-30T15:46:10 IST" duration-ms="71174">
    <groups>
    </groups>
    <test started-at="2021-10-30T15:44:59 IST" name="Test" finished-at="2021-10-30T15:46:10 IST" duration-ms="71174">
      <class name="TESTCASE.Loginpagetestcase">
        <test-method signature="loginpage(java.lang.String,java.lang.String)[pri:0, instance:TESTCASE.Loginpagetestcase@4efc180e]" started-at="2021-10-30T15:46:07 IST" name="loginpage" data-provider="keydata" finished-at="2021-10-30T15:46:10 IST" duration-ms="2321" status="FAIL">
          <params>
            <param index="0">
              <value>
                <![CDATA[support@keycomputers.co.uk]]>
              </value>
            </param>
            <param index="1">
              <value>
                <![CDATA[DeafSupportCheese63]]>
              </value>
            </param>
          </params>
          <exception class="java.lang.AssertionError">
            <message>
              <![CDATA[Unsucessfull]]>
            </message>
            <full-stacktrace>
              <![CDATA[java.lang.AssertionError: Unsucessfull
at org.testng.Assert.fail(Assert.java:99)
at TESTCASE.Loginpagetestcase.loginpage(Loginpagetestcase.java:37)
at java.base/jdk.internal.reflect.NativeMethodAccessorImpl.invoke0(Native Method)
at java.base/jdk.internal.reflect.NativeMethodAccessorImpl.invoke(NativeMethodAccessorImpl.java:62)
at java.base/jdk.internal.reflect.DelegatingMethodAccessorImpl.invoke(DelegatingMethodAccessorImpl.java:43)
at java.base/java.lang.reflect.Method.invoke(Method.java:566)
at org.testng.internal.MethodInvocationHelper.invokeMethod(MethodInvocationHelper.java:133)
at org.testng.internal.TestInvoker.invokeMethod(TestInvoker.java:598)
at org.testng.internal.TestInvoker.invokeTestMethod(TestInvoker.java:173)
at org.testng.internal.MethodRunner.runInSequence(MethodRunner.java:46)
at org.testng.internal.TestInvoker$MethodInvocationAgent.invoke(TestInvoker.java:824)
at org.testng.internal.TestInvoker.invokeTestMethods(TestInvoker.java:146)
at org.testng.internal.TestMethodWorker.invokeTestMethods(TestMethodWorker.java:146)
at org.testng.internal.TestMethodWorker.run(TestMethodWorker.java:128)
at java.base/java.util.ArrayList.forEach(ArrayList.java:1540)
at org.testng.TestRunner.privateRun(TestRunner.java:794)
at org.testng.TestRunner.run(TestRunner.java:596)
at org.testng.SuiteRunner.runTest(SuiteRunner.java:377)
at org.testng.SuiteRunner.runSequentially(SuiteRunner.java:371)
at org.testng.SuiteRunner.privateRun(SuiteRunner.java:332)
at org.testng.SuiteRunner.run(SuiteRunner.java:276)
at org.testng.SuiteRunnerWorker.runSuite(SuiteRunnerWorker.java:53)
at org.testng.SuiteRunnerWorker.run(SuiteRunnerWorker.java:96)
at org.testng.TestNG.runSuitesSequentially(TestNG.java:1212)
at org.testng.TestNG.runSuitesLocally(TestNG.java:1134)
at org.testng.TestNG.runSuites(TestNG.java:1063)
at org.testng.TestNG.run(TestNG.java:1031)
at org.testng.remote.AbstractRemoteTestNG.run(AbstractRemoteTestNG.java:115)
at org.testng.remote.RemoteTestNG.initAndRun(RemoteTestNG.java:251)
at org.testng.remote.RemoteTestNG.main(RemoteTestNG.java:77)
]]>
            </full-stacktrace>
          </exception> <!-- java.lang.AssertionError -->
          <reporter-output>
          </reporter-output>
        </test-method> <!-- loginpage -->
      </class> <!-- TESTCASE.Loginpagetestcase -->
      <class name="TESTCASE.Creatingstockcase">
        <test-method is-config="true" signature="setup()[pri:0, instance:TESTCASE.Creatingstockcase@662b4c69]" started-at="2021-10-30T15:44:59 IST" name="setup" finished-at="2021-10-30T15:45:10 IST" duration-ms="11361" status="PASS">
          <reporter-output>
          </reporter-output>
        </test-method> <!-- setup -->
        <test-method signature="loginpage(java.lang.String,java.lang.String)[pri:0, instance:TESTCASE.Creatingstockcase@662b4c69]" started-at="2021-10-30T15:45:12 IST" name="loginpage" data-provider="keydata" finished-at="2021-10-30T15:45:37 IST" duration-ms="25030" status="PASS">
          <params>
            <param index="0">
              <value>
                <![CDATA[support@keycomputers.co.uk]]>
              </value>
            </param>
            <param index="1">
              <value>
                <![CDATA[DeafSupportCheese63]]>
              </value>
            </param>
          </params>
          <reporter-output>
          </reporter-output>
        </test-method> <!-- loginpage -->
        <test-method signature="stockpage()[pri:1, instance:TESTCASE.Creatingstockcase@662b4c69]" started-at="2021-10-30T15:45:37 IST" name="stockpage" finished-at="2021-10-30T15:46:07 IST" duration-ms="30621" status="PASS">
          <reporter-output>
          </reporter-output>
        </test-method> <!-- stockpage -->
      </class> <!-- TESTCASE.Creatingstockcase -->
    </test> <!-- Test -->
  </suite> <!-- Suite -->
</testng-results>
